  Compiling CUDA source file kernel.cu...
  
  D:\beadando\beadando>"C:\Program Files\NVIDIA GPU Computing Toolkit\CUDA\v8.0\bin\nvcc.exe" -gencode=arch=compute_20,code=\"sm_20,compute_20\" --use-local-env --cl-version 2015 -ccbin "C:\Program Files (x86)\Microsoft Visual Studio 14.0\VC\bin\x86_amd64"  -I"C:\Program Files\NVIDIA GPU Computing Toolkit\CUDA\v8.0\include" -I"C:\Program Files\NVIDIA GPU Computing Toolkit\CUDA\v8.0\include"  -G   --keep-dir x64\Debug -maxrregcount=0  --machine 64 --compile -cudart static  -g   -DWIN32 -DWIN64 -D_DEBUG -D_CONSOLE -D_MBCS -Xcompiler "/EHsc /W3 /nologo /Od /FS /Zi /RTC1 /MDd " -o x64\Debug\kernel.cu.obj "D:\beadando\beadando\kernel.cu" 
d:\beadando\beadando\stb_image.h(4152): warning : variable "old_limit" was set but never used
d:\beadando\beadando\stb_image.h(5038): warning : variable "idata_limit_old" was set but never used
d:\beadando\beadando\stb_image.h(6778): warning : variable "out_size" was set but never used
d:\beadando\beadando\stb_image.h(6779): warning : variable "delays_size" was set but never used
d:\beadando\beadando\stb_image.h(4152): warning : variable "old_limit" was set but never used
d:\beadando\beadando\stb_image.h(5038): warning : variable "idata_limit_old" was set but never used
d:\beadando\beadando\stb_image.h(6778): warning : variable "out_size" was set but never used
d:\beadando\beadando\stb_image.h(6779): warning : variable "delays_size" was set but never used
CUDACOMPILE : nvcc warning : The 'compute_20', 'sm_20', and 'sm_21' architectures are deprecated, and may be removed in a future release (Use -Wno-deprecated-gpu-targets to suppress warning).
  kernel.cu
D:/beadando/beadando/kernel.cu(36): warning C4267: 'initializing': conversion from 'size_t' to 'int', possible loss of data
D:/beadando/beadando/kernel.cu(50): warning C4244: '=': conversion from 'float' to 'unsigned char', possible loss of data
D:/beadando/beadando/kernel.cu(67): warning C4267: 'initializing': conversion from 'size_t' to 'int', possible loss of data
D:/beadando/beadando/kernel.cu(83): warning C4244: '=': conversion from 'float' to 'unsigned char', possible loss of data
  beadando.vcxproj -> D:\beadando\x64\Debug\beadando.exe
  beadando.vcxproj -> D:\beadando\x64\Debug\beadando.pdb (Full PDB)
  copy "C:\Program Files\NVIDIA GPU Computing Toolkit\CUDA\v8.0\bin\cudart*.dll" "D:\beadando\x64\Debug\"
  C:\Program Files\NVIDIA GPU Computing Toolkit\CUDA\v8.0\bin\cudart32_80.dll
  C:\Program Files\NVIDIA GPU Computing Toolkit\CUDA\v8.0\bin\cudart64_80.dll
          2 file(s) copied.
